#
# There is insufficient memory for the Java Runtime Environment to continue.
# Native memory allocation (malloc) failed to allocate 2104272 bytes for Chunk::new
# Possible reasons:
#   The system is out of physical RAM or swap space
#   The process is running with CompressedOops enabled, and the Java Heap may be blocking the growth of the native heap
# Possible solutions:
#   Reduce memory load on the system
#   Increase physical memory or swap space
#   Check if swap backing store is full
#   Decrease Java heap size (-Xmx/-Xms)
#   Decrease number of Java threads
#   Decrease Java thread stack sizes (-Xss)
#   Set larger code cache with -XX:ReservedCodeCacheSize=
#   JVM is running with Unscaled Compressed Oops mode in which the Java heap is
#     placed in the first 4GB address space. The Java Heap base address is the
#     maximum limit for the native heap growth. Please use -XX:HeapBaseMinAddress
#     to set the Java Heap base and to place the Java Heap above 4GB virtual address.
# This output file may be truncated or incomplete.
#
#  Out of Memory Error (allocation.cpp:389), pid=6552, tid=0x0000000000001c04
#
# JRE version: OpenJDK Runtime Environment (8.0_232-b09) (build 1.8.0_232-b09)
# Java VM: OpenJDK 64-Bit Server VM (25.232-b09 mixed mode windows-amd64 compressed oops)
# Failed to write core dump. Minidumps are not enabled by default on client versions of Windows
#

---------------  T H R E A D  ---------------

Current thread (0x00000000181f6800):  JavaThread "C2 CompilerThread0" daemon [_thread_in_native, id=7172, stack(0x0000000019010000,0x0000000019110000)]

Stack: [0x0000000019010000,0x0000000019110000]
[error occurred during error reporting (printing stack bounds), id 0xc0000005]

Native frames: (J=compiled Java code, j=interpreted, Vv=VM code, C=native code)


Current CompileTask:
C2:   2234 1549   !   4       java.net.URLClassLoader$1::run (63 bytes)


---------------  P R O C E S S  ---------------

Java Threads: ( => current thread )
  0x0000000018281000 JavaThread "Service Thread" daemon [_thread_blocked, id=9280, stack(0x0000000019310000,0x0000000019410000)]
  0x000000001820c000 JavaThread "C1 CompilerThread2" daemon [_thread_blocked, id=7656, stack(0x0000000019210000,0x0000000019310000)]
  0x0000000018203000 JavaThread "C2 CompilerThread1" daemon [_thread_in_native, id=2360, stack(0x0000000019110000,0x0000000019210000)]
=>0x00000000181f6800 JavaThread "C2 CompilerThread0" daemon [_thread_in_native, id=7172, stack(0x0000000019010000,0x0000000019110000)]
  0x00000000181f5000 JavaThread "Attach Listener" daemon [_thread_blocked, id=6724, stack(0x0000000018f10000,0x0000000019010000)]
  0x00000000181f4000 JavaThread "Signal Dispatcher" daemon [_thread_blocked, id=5072, stack(0x0000000018e10000,0x0000000018f10000)]
  0x00000000176bb000 JavaThread "Finalizer" daemon [_thread_blocked, id=960, stack(0x0000000018cb0000,0x0000000018db0000)]
  0x00000000176b5800 JavaThread "Reference Handler" daemon [_thread_blocked, id=952, stack(0x0000000018bb0000,0x0000000018cb0000)]
  0x00000000029e8000 JavaThread "main" [_thread_in_native, id=9652, stack(0x00000000028a0000,0x00000000029a0000)]

Other Threads:
  0x00000000175f7000 VMThread [stack: 0x0000000018ab0000,0x0000000018bb0000] [id=2132]
  0x0000000018236800 WatcherThread [stack: 0x0000000019410000,0x0000000019510000] [id=6064]

VM state:not at safepoint (normal execution)

VM Mutex/Monitor currently owned by a thread: None

heap address: 0x0000000080a00000, size: 2038 MB, Compressed Oops mode: 32-bit
Narrow klass base: 0x0000000000000000, Narrow klass shift: 3
Compressed class space size: 1073741824 Address: 0x0000000100000000

Heap:
 PSYoungGen      total 38400K, used 19392K [0x00000000d5900000, 0x00000000da400000, 0x0000000100000000)
  eden space 33280K, 42% used [0x00000000d5900000,0x00000000d66f66b0,0x00000000d7980000)
  from space 5120K, 99% used [0x00000000d7e80000,0x00000000d8379c40,0x00000000d8380000)
  to   space 5120K, 0% used [0x00000000d7980000,0x00000000d7980000,0x00000000d7e80000)
 ParOldGen       total 87552K, used 3018K [0x0000000080a00000, 0x0000000085f80000, 0x00000000d5900000)
  object space 87552K, 3% used [0x0000000080a00000,0x0000000080cf2940,0x0000000085f80000)
 Metaspace       used 15184K, capacity 15532K, committed 15744K, reserved 1062912K
  class space    used 1766K, capacity 1881K, committed 1920K, reserved 1048576K

Card table byte_map: [0x0000000011e60000,0x0000000012260000] byte_map_base: 0x0000000011a5b000

Marking Bits: (ParMarkBitMap*) 0x0000000055dc8170
 Begin Bits: [0x0000000012910000, 0x00000000148e8000)
 End Bits:   [0x00000000148e8000, 0x00000000168c0000)

Polling page: 0x0000000000920000

CodeCache: size=245760Kb used=5560Kb max_used=5560Kb free=240199Kb
 bounds [0x0000000002aa0000, 0x0000000003020000, 0x0000000011aa0000]
 total_blobs=1976 nmethods=1633 adapters=255
 compilation: enabled

Compilation events (250 events):
Event: 1.666 Thread 0x000000001820c000 1506       3       org.eclipse.sisu.inject.QualifyingStrategy$1::qualifies (22 bytes)
Event: 1.667 Thread 0x000000001820c000 nmethod 1506 0x0000000002fb7090 code [0x0000000002fb7200, 0x0000000002fb74a8]
Event: 1.667 Thread 0x000000001820c000 1507       3       sun.reflect.AccessorGenerator::sub (5 bytes)
Event: 1.667 Thread 0x000000001820c000 nmethod 1507 0x0000000002fb7590 code [0x0000000002fb76e0, 0x0000000002fb7830]
Event: 1.667 Thread 0x000000001820c000 1508   !   3       org.eclipse.sisu.inject.BeanCache::flush (53 bytes)
Event: 1.667 Thread 0x000000001820c000 nmethod 1508 0x0000000002fb7890 code [0x0000000002fb7a20, 0x0000000002fb8088]
Event: 1.667 Thread 0x000000001820c000 1515       3       com.google.inject.Scopes::isSingleton (106 bytes)
Event: 1.668 Thread 0x000000001820c000 nmethod 1515 0x0000000002fb8250 code [0x0000000002fb8480, 0x0000000002fb9528]
Event: 1.668 Thread 0x000000001820c000 1509       3       com.google.inject.internal.BindingImpl::getProvider (44 bytes)
Event: 1.668 Thread 0x000000001820c000 nmethod 1509 0x0000000002fb99d0 code [0x0000000002fb9b60, 0x0000000002fb9ef8]
Event: 1.668 Thread 0x000000001820c000 1510       3       org.eclipse.sisu.inject.LocatedBeans$Itr::next (5 bytes)
Event: 1.668 Thread 0x000000001820c000 nmethod 1510 0x0000000002fba050 code [0x0000000002fba1e0, 0x0000000002fba5d8]
Event: 1.668 Thread 0x000000001820c000 1511       3       org.eclipse.sisu.inject.LocatedBeans$Itr::next (32 bytes)
Event: 1.668 Thread 0x000000001820c000 nmethod 1511 0x0000000002fba750 code [0x0000000002fba8c0, 0x0000000002fbabf8]
Event: 1.668 Thread 0x000000001820c000 1512       3       org.eclipse.sisu.inject.RankedSequence$Itr::next (47 bytes)
Event: 1.669 Thread 0x000000001820c000 nmethod 1512 0x0000000002fbad10 code [0x0000000002fbae80, 0x0000000002fbb1b8]
Event: 1.669 Thread 0x000000001820c000 1517   !   3       org.eclipse.sisu.inject.BeanCache::create (172 bytes)
Event: 1.669 Thread 0x000000001820c000 nmethod 1517 0x0000000002fbb2d0 code [0x0000000002fbb4e0, 0x0000000002fbc4b8]
Event: 1.669 Thread 0x000000001820c000 1513       3       org.eclipse.sisu.inject.LazyBeanEntry::<init> (81 bytes)
Event: 1.669 Thread 0x0000000018203000 1519       4       com.google.inject.TypeLiteral::<init> (43 bytes)
Event: 1.670 Thread 0x000000001820c000 nmethod 1513 0x0000000002fbc9d0 code [0x0000000002fbcba0, 0x0000000002fbd3c8]
Event: 1.670 Thread 0x000000001820c000 1514       3       org.eclipse.sisu.inject.LazyBeanEntry$JsrNamed::<init> (15 bytes)
Event: 1.670 Thread 0x000000001820c000 nmethod 1514 0x0000000002fbd6d0 code [0x0000000002fbd840, 0x0000000002fbdae8]
Event: 1.670 Thread 0x000000001820c000 1516       3       org.eclipse.sisu.inject.LazyBeanEntry::getValue (10 bytes)
Event: 1.670 Thread 0x000000001820c000 nmethod 1516 0x0000000002fbdbd0 code [0x0000000002fbdd40, 0x0000000002fbdf68]
Event: 1.670 Thread 0x000000001820c000 1520       3       com.google.common.collect.AbstractMapBasedMultimap$WrappedCollection::<init> (44 bytes)
Event: 1.670 Thread 0x000000001820c000 nmethod 1520 0x0000000002fbe010 code [0x0000000002fbe180, 0x0000000002fbe4f0]
Event: 1.670 Thread 0x000000001820c000 1518       1       java.lang.reflect.AccessibleObject::isAccessible (5 bytes)
Event: 1.670 Thread 0x000000001820c000 nmethod 1518 0x0000000002fbe650 code [0x0000000002fbe7a0, 0x0000000002fbe8b0]
Event: 1.672 Thread 0x000000001820c000 1521       3       com.google.inject.internal.ConstructorInjector$1::call (20 bytes)
Event: 1.672 Thread 0x000000001820c000 nmethod 1521 0x0000000002fbe910 code [0x0000000002fbea80, 0x0000000002fbec88]
Event: 1.672 Thread 0x000000001820c000 1522       3       com.google.inject.internal.ConstructorInjector::access$000 (8 bytes)
Event: 1.672 Thread 0x000000001820c000 nmethod 1522 0x0000000002fbed90 code [0x0000000002fbef00, 0x0000000002fbf068]
Event: 1.672 Thread 0x000000001820c000 1523       3       com.google.inject.internal.ConstructionContext::setCurrentReference (6 bytes)
Event: 1.672 Thread 0x000000001820c000 nmethod 1523 0x0000000002fbf150 code [0x0000000002fbf2a0, 0x0000000002fbf410]
Event: 1.673 Thread 0x000000001820c000 1524       3       com.google.inject.internal.CycleDetectingLock$CycleDetectingLockFactory$ReentrantCycleDetectingLock::checkState (139 bytes)
Event: 1.674 Thread 0x000000001820c000 nmethod 1524 0x0000000002fbf490 code [0x0000000002fbf7a0, 0x0000000002fc0b08]
Event: 1.674 Thread 0x000000001820c000 1525       3       com.google.common.collect.LinkedHashMultimap::asMap (5 bytes)
Event: 1.674 Thread 0x000000001820c000 nmethod 1525 0x0000000002fc1550 code [0x0000000002fc16c0, 0x0000000002fc1a08]
Event: 1.674 Thread 0x000000001820c000 1526       3       com.google.common.collect.AbstractSetMultimap::asMap (5 bytes)
Event: 1.674 Thread 0x000000001820c000 nmethod 1526 0x0000000002fc1b10 code [0x0000000002fc1c80, 0x0000000002fc1f68]
Event: 1.674 Thread 0x000000001820c000 1527       1       sun.reflect.generics.repository.AbstractRepository::getTree (5 bytes)
Event: 1.674 Thread 0x000000001820c000 nmethod 1527 0x0000000002fc2050 code [0x0000000002fc21a0, 0x0000000002fc22b0]
Event: 1.675 Thread 0x000000001820c000 1528       3       java.lang.reflect.Field::getFieldAccessor (35 bytes)
Event: 1.675 Thread 0x0000000018203000 nmethod 1519 0x0000000002fc5310 code [0x0000000002fc54c0, 0x0000000002fc58b0]
Event: 1.675 Thread 0x000000001820c000 nmethod 1528 0x0000000002fc4b10 code [0x0000000002fc4c80, 0x0000000002fc4ec8]
Event: 1.675 Thread 0x000000001820c000 1530       3       java.lang.reflect.Field::set (52 bytes)
Event: 1.676 Thread 0x000000001820c000 nmethod 1530 0x0000000002fc40d0 code [0x0000000002fc42a0, 0x0000000002fc48e8]
Event: 1.676 Thread 0x000000001820c000 1531       3       sun.reflect.UnsafeObjectFieldAccessorImpl::set (56 bytes)
Event: 1.676 Thread 0x000000001820c000 nmethod 1531 0x0000000002fc5d90 code [0x0000000002fc6040, 0x0000000002fc7928]
Event: 1.676 Thread 0x000000001820c000 1532       3       sun.reflect.UnsafeFieldAccessorImpl::ensureObj (23 bytes)
Event: 1.677 Thread 0x000000001820c000 nmethod 1532 0x0000000002fc3290 code [0x0000000002fc3460, 0x0000000002fc3db8]
Event: 1.677 Thread 0x000000001820c000 1533       1       com.google.inject.spi.InjectionPoint::getDeclaringType (5 bytes)
Event: 1.677 Thread 0x000000001820c000 nmethod 1533 0x0000000002fc2fd0 code [0x0000000002fc3120, 0x0000000002fc3230]
Event: 1.677 Thread 0x000000001820c000 1534       3       org.slf4j.impl.SimpleLogger::getStringProperty (15 bytes)
Event: 1.678 Thread 0x000000001820c000 nmethod 1534 0x0000000002fc24d0 code [0x0000000002fc26a0, 0x0000000002fc2c98]
Event: 1.678 Thread 0x000000001820c000 1535   !   3       com.google.inject.internal.ConstructorInjector::provision (138 bytes)
Event: 1.679 Thread 0x000000001820c000 nmethod 1535 0x0000000002fc82d0 code [0x0000000002fc85e0, 0x0000000002fc9fd8]
Event: 1.679 Thread 0x000000001820c000 1536       3       com.google.inject.internal.Scoping$3::acceptVisitor (10 bytes)
Event: 1.679 Thread 0x000000001820c000 nmethod 1536 0x0000000002fcb2d0 code [0x0000000002fcb460, 0x0000000002fcb7d0]
Event: 1.679 Thread 0x000000001820c000 1537       3       com.google.inject.Scopes$2::visitScope (6 bytes)
Event: 1.679 Thread 0x000000001820c000 nmethod 1537 0x0000000002fcb950 code [0x0000000002fcbac0, 0x0000000002fcbe10]
Event: 1.679 Thread 0x000000001820c000 1538       3       com.google.inject.Scopes$2::visitScope (16 bytes)
Event: 1.679 Thread 0x000000001820c000 nmethod 1538 0x0000000002fcbf10 code [0x0000000002fcc080, 0x0000000002fcc2f0]
Event: 1.679 Thread 0x000000001820c000 1539       1       com.google.inject.Key$AnnotationTypeStrategy::hasAttributes (2 bytes)
Event: 1.679 Thread 0x000000001820c000 nmethod 1539 0x0000000002fcc390 code [0x0000000002fcc4e0, 0x0000000002fcc5f0]
Event: 1.680 Thread 0x000000001820c000 1540       1       org.eclipse.sisu.inject.MildKeys$Weak::hashCode (5 bytes)
Event: 1.680 Thread 0x000000001820c000 nmethod 1540 0x0000000002fcc650 code [0x0000000002fcc7a0, 0x0000000002fcc8b0]
Event: 1.680 Thread 0x000000001820c000 1541       3       org.eclipse.sisu.plexus.RealmFilteredBeans$FilteredItr::hasNext (81 bytes)
Event: 1.680 Thread 0x000000001820c000 nmethod 1541 0x0000000002fcc910 code [0x0000000002fccb40, 0x0000000002fcd938]
Event: 1.680 Thread 0x000000001820c000 1544   !   3       com.google.inject.internal.InjectorImpl::getBinding (45 bytes)
Event: 1.681 Thread 0x000000001820c000 nmethod 1544 0x0000000002fcdd90 code [0x0000000002fcdfe0, 0x0000000002fcede8]
Event: 1.681 Thread 0x000000001820c000 1542   !   3       com.google.inject.internal.FactoryProxy::get (50 bytes)
Event: 1.682 Thread 0x000000001820c000 nmethod 1542 0x0000000002fcf550 code [0x0000000002fcf720, 0x0000000002fd0198]
Event: 1.682 Thread 0x000000001820c000 1543       3       org.eclipse.sisu.space.WildcardKey$QualifiedImpl::get (5 bytes)
Event: 1.682 Thread 0x000000001820c000 nmethod 1543 0x0000000002fd0650 code [0x0000000002fd07a0, 0x0000000002fd0990]
Event: 1.682 Thread 0x000000001820c000 1545       3       org.eclipse.sisu.inject.Guice4$1::<init> (17 bytes)
Event: 1.682 Thread 0x000000001820c000 nmethod 1545 0x0000000002fd0a10 code [0x0000000002fd0b80, 0x0000000002fd0d70]
Event: 1.682 Thread 0x000000001820c000 1546   !   3       org.eclipse.sisu.inject.Guice4$1::get (50 bytes)
Event: 1.683 Thread 0x000000001820c000 nmethod 1546 0x0000000002fd0e10 code [0x0000000002fd0f80, 0x0000000002fd13e8]
Event: 1.704 Thread 0x000000001820c000 1547       3       java.lang.reflect.Field::setFieldAccessor (34 bytes)
Event: 1.705 Thread 0x000000001820c000 nmethod 1547 0x0000000002fd1510 code [0x0000000002fd1680, 0x0000000002fd1a08]
Event: 1.707 Thread 0x0000000018203000 1548       4       java.net.URLClassLoader$1::run (5 bytes)
Event: 1.707 Thread 0x00000000181f6800 1549   !   4       java.net.URLClassLoader$1::run (63 bytes)
Event: 1.707 Thread 0x000000001820c000 1550       3       org.eclipse.sisu.bean.BeanPropertyField::getType (11 bytes)
Event: 1.708 Thread 0x000000001820c000 nmethod 1550 0x0000000002fd1b50 code [0x0000000002fd1da0, 0x0000000002fd2cd8]
Event: 1.709 Thread 0x000000001820c000 1551       3       com.google.common.collect.Iterators::singletonIterator (9 bytes)
Event: 1.709 Thread 0x000000001820c000 nmethod 1551 0x0000000002fd3a90 code [0x0000000002fd3c00, 0x0000000002fd3eb0]
Event: 1.709 Thread 0x000000001820c000 1552       3       com.google.common.collect.Iterators$12::<init> (10 bytes)
Event: 1.709 Thread 0x000000001820c000 nmethod 1552 0x0000000002fd4010 code [0x0000000002fd4180, 0x0000000002fd43b0]
Event: 1.710 Thread 0x000000001820c000 1553       3       com.google.inject.internal.Annotations::isRetainedAtRuntime (33 bytes)
Event: 1.711 Thread 0x000000001820c000 nmethod 1553 0x0000000002fd4490 code [0x0000000002fd4680, 0x0000000002fd5018]
Event: 1.711 Thread 0x000000001820c000 1554       3       org.eclipse.sisu.inject.MildKeys$Weak::<init> (15 bytes)
Event: 1.711 Thread 0x000000001820c000 nmethod 1554 0x0000000002fd5450 code [0x0000000002fd55e0, 0x0000000002fd59c8]
Event: 1.712 Thread 0x000000001820c000 1555       3       org.eclipse.sisu.bean.BeanPropertyIterator::next (5 bytes)
Event: 1.712 Thread 0x000000001820c000 nmethod 1555 0x0000000002fd5b50 code [0x0000000002fd5ce0, 0x0000000002fd60d8]
Event: 1.713 Thread 0x000000001820c000 1556       3       org.eclipse.sisu.inject.Sources::getAnnotation (38 bytes)
Event: 1.713 Thread 0x000000001820c000 nmethod 1556 0x0000000002fd6250 code [0x0000000002fd6420, 0x0000000002fd6ce8]
Event: 1.713 Thread 0x000000001820c000 1557   !   3       com.google.inject.internal.FailableCache$1::load (48 bytes)
Event: 1.713 Thread 0x000000001820c000 nmethod 1557 0x0000000002fd6f10 code [0x0000000002fd70c0, 0x0000000002fd7788]
Event: 1.714 Thread 0x000000001820c000 1559       3       com.google.common.collect.LinkedHashMultimap$ValueSet::contains (42 bytes)
Event: 1.715 Thread 0x000000001820c000 nmethod 1559 0x0000000002fd79d0 code [0x0000000002fd7ba0, 0x0000000002fd8518]
Event: 1.715 Thread 0x000000001820c000 1558       3       com.google.common.collect.AbstractMapBasedMultimap$WrappedCollection::contains (15 bytes)
Event: 1.715 Thread 0x000000001820c000 nmethod 1558 0x0000000002fd88d0 code [0x0000000002fd8a40, 0x0000000002fd8d18]
Event: 1.715 Thread 0x000000001820c000 1560       3       com.google.common.collect.LinkedHashMultimap$ValueEntry::setSuccessorInValueSet (6 bytes)
Event: 1.715 Thread 0x000000001820c000 nmethod 1560 0x0000000002fd8e10 code [0x0000000002fd8f60, 0x0000000002fd90d0]
Event: 1.715 Thread 0x000000001820c000 1561       3       java.util.Hashtable$Enumerator::nextElement (111 bytes)
Event: 1.715 Thread 0x000000001820c000 nmethod 1561 0x0000000002fd9150 code [0x0000000002fd92e0, 0x0000000002fd9748]
Event: 1.730 Thread 0x000000001820c000 1562       3       org.codehaus.plexus.util.xml.pull.MXParser::parseStartTag (1195 bytes)
Event: 1.736 Thread 0x000000001820c000 nmethod 1562 0x0000000002fd9950 code [0x0000000002fda300, 0x0000000002fe1158]
Event: 1.776 Thread 0x000000001820c000 1563       3       java.lang.String::codePointAt (36 bytes)
Event: 1.777 Thread 0x000000001820c000 nmethod 1563 0x0000000002fe5e50 code [0x0000000002fe5fe0, 0x0000000002fe6298]
Event: 1.777 Thread 0x000000001820c000 1565       3       java.util.regex.Pattern$Slice::match (79 bytes)
Event: 1.777 Thread 0x000000001820c000 nmethod 1565 0x0000000002fe63d0 code [0x0000000002fe6560, 0x0000000002fe69f8]
Event: 1.777 Thread 0x000000001820c000 1564       3       java.lang.Character::codePointAtImpl (41 bytes)
Event: 1.777 Thread 0x000000001820c000 nmethod 1564 0x0000000002fe6bd0 code [0x0000000002fe6d60, 0x0000000002fe71f0]
Event: 1.779 Thread 0x000000001820c000 1566       3       java.io.File::isInvalid (47 bytes)
Event: 1.780 Thread 0x000000001820c000 nmethod 1566 0x0000000002fe73d0 code [0x0000000002fe7540, 0x0000000002fe7968]
Event: 1.798 Thread 0x000000001820c000 1567       3       org.codehaus.plexus.util.xml.pull.MXParser::newString (11 bytes)
Event: 1.798 Thread 0x000000001820c000 nmethod 1567 0x0000000002fe7a50 code [0x0000000002fe7bc0, 0x0000000002fe7da8]
Event: 1.799 Thread 0x000000001820c000 1568       1       org.apache.commons.cli.Option::getLongOpt (5 bytes)
Event: 1.799 Thread 0x000000001820c000 nmethod 1568 0x0000000002fe7e90 code [0x0000000002fe7fe0, 0x0000000002fe80f0]
Event: 1.805 Thread 0x000000001820c000 1569       1       java.util.Hashtable$Entry::getKey (5 bytes)
Event: 1.805 Thread 0x000000001820c000 nmethod 1569 0x0000000002fe8150 code [0x0000000002fe82a0, 0x0000000002fe83b0]
Event: 1.805 Thread 0x000000001820c000 1570       1       java.util.Hashtable$Entry::getValue (5 bytes)
Event: 1.805 Thread 0x000000001820c000 nmethod 1570 0x0000000002fe8410 code [0x0000000002fe8560, 0x0000000002fe8670]
Event: 1.806 Thread 0x000000001820c000 1571       3       java.util.Hashtable$Enumerator::hasNext (5 bytes)
Event: 1.806 Thread 0x000000001820c000 nmethod 1571 0x0000000002fe86d0 code [0x0000000002fe8840, 0x0000000002fe89e8]
Event: 1.806 Thread 0x000000001820c000 1572       3       java.util.Hashtable$Enumerator::next (27 bytes)
Event: 1.806 Thread 0x000000001820c000 nmethod 1572 0x0000000002fe8a90 code [0x0000000002fe8c20, 0x0000000002fe8eb8]
Event: 1.806 Thread 0x000000001820c000 1573       1       org.apache.commons.cli.Option::getOpt (5 bytes)
Event: 1.806 Thread 0x000000001820c000 nmethod 1573 0x0000000002fe9010 code [0x0000000002fe9160, 0x0000000002fe9270]
Event: 1.820 Thread 0x000000001820c000 1575       3       java.util.AbstractList$Itr::checkForComodification (23 bytes)
Event: 1.821 Thread 0x000000001820c000 nmethod 1575 0x0000000002fe9510 code [0x0000000002fe9680, 0x0000000002fe98e8]
Event: 1.878 Thread 0x000000001820c000 1577       3       java.util.regex.Pattern$BmpCharProperty::match (50 bytes)
Event: 1.879 Thread 0x000000001820c000 nmethod 1577 0x0000000002fea1d0 code [0x0000000002fea360, 0x0000000002fea808]
Event: 1.879 Thread 0x000000001820c000 1578   !   3       java.util.AbstractList$Itr::next (45 bytes)
Event: 1.879 Thread 0x000000001820c000 nmethod 1578 0x0000000002fea990 code [0x0000000002feab60, 0x0000000002feb238]
Event: 1.905 Thread 0x000000001820c000 1579       3       java.util.HashSet::<init> (16 bytes)
Event: 1.906 Thread 0x000000001820c000 nmethod 1579 0x0000000002feb590 code [0x0000000002feb720, 0x0000000002febb30]
Event: 1.907 Thread 0x000000001820c000 1580       1       java.net.JarURLConnection::getJarFileURL (5 bytes)
Event: 1.908 Thread 0x000000001820c000 nmethod 1580 0x0000000002febd10 code [0x0000000002febe60, 0x0000000002febf70]
Event: 1.926 Thread 0x000000001820c000 1581       3       org.apache.maven.model.io.xpp3.MavenXpp3Reader::checkFieldWithDuplicate (75 bytes)
Event: 1.927 Thread 0x000000001820c000 nmethod 1581 0x0000000002febfd0 code [0x0000000002fec220, 0x0000000002fecf98]
Event: 1.929 Thread 0x000000001820c000 1582       1       org.codehaus.plexus.util.xml.Xpp3Dom::getName (5 bytes)
Event: 1.930 Thread 0x000000001820c000 nmethod 1582 0x0000000002fed610 code [0x0000000002fed760, 0x0000000002fed870]
Event: 1.932 Thread 0x000000001820c000 1583       3       java.lang.reflect.AccessibleObject::setAccessible (21 bytes)
Event: 1.932 Thread 0x000000001820c000 nmethod 1583 0x0000000002fed8d0 code [0x0000000002feda60, 0x0000000002fedd58]
Event: 1.979 Thread 0x000000001820c000 1584       3       java.lang.Class$MethodArray::add (72 bytes)
Event: 1.979 Thread 0x000000001820c000 nmethod 1584 0x0000000002fee050 code [0x0000000002fee200, 0x0000000002feeb38]
Event: 1.979 Thread 0x000000001820c000 1586       3       java.lang.Class$MethodArray::matchesNameAndDescriptor (42 bytes)
Event: 1.980 Thread 0x000000001820c000 nmethod 1586 0x0000000002feedd0 code [0x0000000002feefa0, 0x0000000002fef9c8]
Event: 1.980 Thread 0x000000001820c000 1587       3       java.lang.reflect.Method::equals (69 bytes)
Event: 1.980 Thread 0x000000001820c000 nmethod 1587 0x0000000002fefc50 code [0x0000000002fefde0, 0x0000000002ff0748]
Event: 1.980 Thread 0x000000001820c000 1588       3       java.lang.Class$MethodArray::addIfNotPresent (47 bytes)
Event: 1.980 Thread 0x000000001820c000 nmethod 1588 0x0000000002ff0890 code [0x0000000002ff0a20, 0x0000000002ff0e18]
Event: 1.980 Thread 0x000000001820c000 1585       3       java.lang.reflect.Method::isDefault (28 bytes)
Event: 1.980 Thread 0x000000001820c000 nmethod 1585 0x0000000002ff0fd0 code [0x0000000002ff1140, 0x0000000002ff1508]
Event: 1.987 Thread 0x000000001820c000 1589       3       java.lang.Class$MethodArray::removeByNameAndDescriptor (42 bytes)
Event: 1.987 Thread 0x000000001820c000 nmethod 1589 0x0000000002ff15d0 code [0x0000000002ff1760, 0x0000000002ff1a98]
Event: 1.987 Thread 0x000000001820c000 1590       3       java.lang.Class$MethodArray::get (7 bytes)
Event: 1.988 Thread 0x000000001820c000 nmethod 1590 0x0000000002ff1c10 code [0x0000000002ff1d60, 0x0000000002ff1ed0]
Event: 1.988 Thread 0x000000001820c000 1591       1       java.lang.String::toString (2 bytes)
Event: 1.988 Thread 0x000000001820c000 nmethod 1591 0x0000000002ff1fd0 code [0x0000000002ff2120, 0x0000000002ff2230]
Event: 1.989 Thread 0x000000001820c000 1592       3       java.lang.reflect.AccessibleObject::setAccessible0 (42 bytes)
Event: 1.989 Thread 0x000000001820c000 nmethod 1592 0x0000000002ff2290 code [0x0000000002ff2420, 0x0000000002ff2968]
Event: 1.991 Thread 0x000000001820c000 1594       3       java.lang.reflect.Field::acquireFieldAccessor (59 bytes)
Event: 1.992 Thread 0x000000001820c000 nmethod 1594 0x0000000002ff2e90 code [0x0000000002ff3060, 0x0000000002ff37a8]
Event: 1.992 Thread 0x000000001820c000 1595       3       java.lang.reflect.Field::get (51 bytes)
Event: 1.993 Thread 0x000000001820c000 nmethod 1595 0x0000000002ff3ad0 code [0x0000000002ff3ca0, 0x0000000002ff42c8]
Event: 1.993 Thread 0x000000001820c000 1596   !   3       org.apache.maven.model.interpolation.StringSearchModelInterpolator$InterpolateObjectAction$CacheField::interpolate (237 bytes)
Event: 1.995 Thread 0x000000001820c000 nmethod 1596 0x0000000002ff44d0 code [0x0000000002ff49e0, 0x0000000002ff7a28]
Event: 1.995 Thread 0x000000001820c000 1597       3       sun.reflect.UnsafeObjectFieldAccessorImpl::get (17 bytes)
Event: 1.995 Thread 0x000000001820c000 nmethod 1597 0x0000000002ffa1d0 code [0x0000000002ffa3a0, 0x0000000002ffadf8]
Event: 1.996 Thread 0x000000001820c000 1599       1       org.apache.maven.model.interpolation.StringSearchModelInterpolator$InterpolateObjectAction$CacheItem::isArray (5 bytes)
Event: 1.996 Thread 0x000000001820c000 nmethod 1599 0x0000000002ffb210 code [0x0000000002ffb360, 0x0000000002ffb470]
Event: 1.996 Thread 0x000000001820c000 1600       1       org.apache.maven.model.interpolation.StringSearchModelInterpolator$InterpolateObjectAction$CacheItem::access$000 (5 bytes)
Event: 1.996 Thread 0x000000001820c000 nmethod 1600 0x0000000002ffb4d0 code [0x0000000002ffb620, 0x0000000002ffb710]
Event: 1.996 Thread 0x000000001820c000 1601       3       java.lang.String::contains (20 bytes)
Event: 1.996 Thread 0x000000001820c000 nmethod 1601 0x0000000002ffb790 code [0x0000000002ffb920, 0x0000000002ffbdb8]
Event: 1.996 Thread 0x000000001820c000 1602       3       org.apache.maven.model.interpolation.StringSearchModelInterpolator$InterpolateObjectAction$StringField::doInterpolate (44 bytes)
Event: 1.997 Thread 0x000000001820c000 nmethod 1602 0x0000000002ffbfd0 code [0x0000000002ffc180, 0x0000000002ffc858]
Event: 2.000 Thread 0x000000001820c000 1603       3       java.lang.String::replace (127 bytes)
Event: 2.001 Thread 0x000000001820c000 nmethod 1603 0x0000000002ffcb50 code [0x0000000002ffcd00, 0x0000000002ffd3b0]
Event: 2.006 Thread 0x000000001820c000 1604       3       java.util.regex.Pattern$Single::isSatisfiedBy (14 bytes)
Event: 2.007 Thread 0x000000001820c000 nmethod 1604 0x0000000002ffd750 code [0x0000000002ffd8a0, 0x0000000002ffda50]
Event: 2.007 Thread 0x000000001820c000 1605       3       java.util.regex.Pattern$Curly::match (86 bytes)
Event: 2.008 Thread 0x000000001820c000 nmethod 1605 0x0000000002ffdad0 code [0x0000000002ffdc80, 0x0000000002ffe278]
Event: 2.009 Thread 0x000000001820c000 1606       3       com.google.inject.spi.InjectionPoint::hierarchyFor (45 bytes)
Event: 2.010 Thread 0x000000001820c000 nmethod 1606 0x0000000002ffe410 code [0x0000000002ffe620, 0x0000000002fff108]
Event: 2.017 Thread 0x000000001820c000 1608       3       sun.reflect.Reflection::quickCheckMemberAccess (10 bytes)
Event: 2.017 Thread 0x000000001820c000 nmethod 1608 0x0000000002fff690 code [0x0000000002fff800, 0x0000000002fffa28]
Event: 2.018 Thread 0x000000001820c000 1609       1       com.google.inject.spi.TypeConverterBinding::getTypeMatcher (5 bytes)
Event: 2.019 Thread 0x000000001820c000 nmethod 1609 0x0000000002fffad0 code [0x0000000002fffc20, 0x0000000002fffd30]
Event: 2.020 Thread 0x000000001820c000 1610       3       java.util.StringTokenizer::hasMoreTokens (29 bytes)
Event: 2.021 Thread 0x000000001820c000 nmethod 1610 0x0000000002fffd90 code [0x0000000002ffff00, 0x0000000003000108]
Event: 2.021 Thread 0x000000001820c000 1611       3       java.util.StringTokenizer::nextToken (92 bytes)
Event: 2.021 Thread 0x000000001820c000 nmethod 1611 0x0000000003000190 code [0x0000000003000340, 0x0000000003000778]
Event: 2.021 Thread 0x000000001820c000 1612       1       org.codehaus.plexus.util.xml.Xpp3Dom::getValue (5 bytes)
Event: 2.021 Thread 0x000000001820c000 nmethod 1612 0x0000000003000910 code [0x0000000003000a60, 0x0000000003000b70]
Event: 2.021 Thread 0x000000001820c000 1613       3       java.util.regex.Pattern$5::isSatisfiedBy (28 bytes)
Event: 2.021 Thread 0x000000001820c000 nmethod 1613 0x0000000003000bd0 code [0x0000000003000d60, 0x00000000030010f8]
Event: 2.021 Thread 0x000000001820c000 1614       3       java.util.regex.Pattern$1::isSatisfiedBy (13 bytes)
Event: 2.021 Thread 0x000000001820c000 nmethod 1614 0x0000000003001210 code [0x0000000003001380, 0x0000000003001630]
Event: 2.021 Thread 0x000000001820c000 1615       3       java.util.regex.Pattern::access$200 (7 bytes)
Event: 2.021 Thread 0x000000001820c000 nmethod 1615 0x0000000003001710 code [0x0000000003001880, 0x0000000003001ab0]
Event: 2.060 Thread 0x000000001820c000 1616       1       com.google.common.collect.LinkedHashMultimap$ValueEntry::getSuccessorInValueSet (5 bytes)
Event: 2.060 Thread 0x000000001820c000 nmethod 1616 0x0000000003001d50 code [0x0000000003001ea0, 0x0000000003001fb0]
Event: 2.098 Thread 0x000000001820c000 1617       3       java.util.LinkedHashMap::entrySet (27 bytes)
Event: 2.098 Thread 0x000000001820c000 nmethod 1617 0x0000000003002250 code [0x00000000030023e0, 0x0000000003002790]
Event: 2.098 Thread 0x000000001820c000 1618       3       java.util.LinkedHashMap$LinkedEntrySet::iterator (12 bytes)
Event: 2.098 Thread 0x000000001820c000 nmethod 1618 0x0000000003002950 code [0x0000000003002ac0, 0x0000000003002dd0]
Event: 2.099 Thread 0x000000001820c000 1619       3       com.google.common.base.Stopwatch::elapsedNanos (32 bytes)
Event: 2.099 Thread 0x000000001820c000 nmethod 1619 0x0000000003002f50 code [0x00000000030030c0, 0x0000000003003348]
Event: 2.099 Thread 0x000000001820c000 1620   !   3       com.google.common.cache.LocalCache$Segment::storeLoadedValue (373 bytes)
Event: 2.103 Thread 0x000000001820c000 nmethod 1620 0x0000000003003410 code [0x0000000003003900, 0x0000000003006c98]
Event: 2.106 Thread 0x000000001820c000 1621       3       org.eclipse.sisu.inject.InjectorBindings::publishWildcardMatches (81 bytes)
Event: 2.108 Thread 0x000000001820c000 nmethod 1621 0x0000000003009250 code [0x0000000003009460, 0x0000000003009f18]
Event: 2.110 Thread 0x000000001820c000 1622       3       sun.reflect.generics.parser.SignatureParser::parseFieldTypeSignature (6 bytes)
Event: 2.111 Thread 0x000000001820c000 nmethod 1622 0x000000000300a550 code [0x000000000300a6c0, 0x000000000300a848]
Event: 2.111 Thread 0x000000001820c000 1623       3       org.eclipse.sisu.plexus.PlexusPropertyBinder::bindProperty (143 bytes)
Event: 2.112 Thread 0x000000001820c000 nmethod 1623 0x000000000300a8d0 code [0x000000000300ab20, 0x000000000300ba98]
Event: 2.113 Thread 0x000000001820c000 1624       3       java.lang.reflect.Modifier::isVolatile (13 bytes)
Event: 2.113 Thread 0x000000001820c000 nmethod 1624 0x000000000300c150 code [0x000000000300c2a0, 0x000000000300c430]
Event: 2.147 Thread 0x000000001820c000 1625       3       com.google.inject.Key::getAnnotation (10 bytes)
Event: 2.148 Thread 0x000000001820c000 nmethod 1625 0x000000000300c490 code [0x000000000300c600, 0x000000000300c828]
Event: 2.148 Thread 0x000000001820c000 1626       1       com.google.common.collect.EmptyImmutableSet::size (2 bytes)
Event: 2.148 Thread 0x000000001820c000 nmethod 1626 0x000000000300c8d0 code [0x000000000300ca20, 0x000000000300cb30]
Event: 2.149 Thread 0x000000001820c000 1627       3       sun.reflect.UnsafeFieldAccessorImpl::<init> (56 bytes)
Event: 2.149 Thread 0x000000001820c000 nmethod 1627 0x000000000300cb90 code [0x000000000300cd40, 0x000000000300d458]
Event: 2.149 Thread 0x000000001820c000 1628       3       sun.reflect.FieldAccessorImpl::<init> (5 bytes)
Event: 2.149 Thread 0x000000001820c000 nmethod 1628 0x000000000300d650 code [0x000000000300d7c0, 0x000000000300d9d0]
Event: 2.149 Thread 0x000000001820c000 1629       3       sun.reflect.UnsafeObjectFieldAccessorImpl::<init> (6 bytes)
Event: 2.149 Thread 0x000000001820c000 nmethod 1629 0x000000000300da90 code [0x000000000300dc00, 0x000000000300dd88]
Event: 2.153 Thread 0x000000001820c000 1630       3       java.util.ArrayList::addAll (54 bytes)
Event: 2.154 Thread 0x000000001820c000 nmethod 1630 0x000000000300de10 code [0x000000000300dfc0, 0x000000000300e6a8]
Event: 2.156 Thread 0x000000001820c000 1631       3       java.util.HashMap$KeyIterator::next (8 bytes)
Event: 2.156 Thread 0x000000001820c000 nmethod 1631 0x000000000300e950 code [0x000000000300eac0, 0x000000000300ecc8]
Event: 2.158 Thread 0x000000001820c000 1632       3       java.util.regex.Pattern::next (33 bytes)
Event: 2.159 Thread 0x000000001820c000 nmethod 1632 0x000000000300ed90 code [0x000000000300ef00, 0x000000000300f1c8]
Event: 2.159 Thread 0x000000001820c000 1633       3       java.util.regex.Pattern$Node::<init> (12 bytes)
Event: 2.159 Thread 0x000000001820c000 nmethod 1633 0x000000000300f310 code [0x000000000300f480, 0x000000000300f650]
Event: 2.159 Thread 0x000000001820c000 1634       3       java.util.Collections$UnmodifiableMap$UnmodifiableEntrySet$1::hasNext (10 bytes)
Event: 2.159 Thread 0x000000001820c000 nmethod 1634 0x000000000300f710 code [0x000000000300f880, 0x000000000300faa8]
Event: 2.159 Thread 0x000000001820c000 1635       3       java.util.Collections$UnmodifiableMap$UnmodifiableEntrySet$1::next (5 bytes)
Event: 2.160 Thread 0x000000001820c000 nmethod 1635 0x000000000300fb50 code [0x000000000300fd00, 0x0000000003010318]
Event: 2.160 Thread 0x000000001820c000 1636       3       java.util.Collections$UnmodifiableMap$UnmodifiableEntrySet$UnmodifiableEntry::getKey (10 bytes)
Event: 2.160 Thread 0x000000001820c000 nmethod 1636 0x0000000003010610 code [0x0000000003010780, 0x00000000030109a8]
Event: 2.160 Thread 0x000000001820c000 1637       3       java.util.Collections$UnmodifiableMap$UnmodifiableEntrySet$UnmodifiableEntry::getValue (10 bytes)
Event: 2.160 Thread 0x000000001820c000 nmethod 1637 0x0000000003010a50 code [0x0000000003010bc0, 0x0000000003010de8]

GC Heap History (4 events):
Event: 0.845 GC heap before
{Heap before GC invocations=1 (full 0):
 PSYoungGen      total 38400K, used 33280K [0x00000000d5900000, 0x00000000d8380000, 0x0000000100000000)
  eden space 33280K, 100% used [0x00000000d5900000,0x00000000d7980000,0x00000000d7980000)
  from space 5120K, 0% used [0x00000000d7e80000,0x00000000d7e80000,0x00000000d8380000)
  to   space 5120K, 0% used [0x00000000d7980000,0x00000000d7980000,0x00000000d7e80000)
 ParOldGen       total 87552K, used 0K [0x0000000080a00000, 0x0000000085f80000, 0x00000000d5900000)
  object space 87552K, 0% used [0x0000000080a00000,0x0000000080a00000,0x0000000085f80000)
 Metaspace       used 8648K, capacity 8840K, committed 9088K, reserved 1056768K
  class space    used 990K, capacity 1052K, committed 1152K, reserved 1048576K
Event: 0.850 GC heap after
Heap after GC invocations=1 (full 0):
 PSYoungGen      total 38400K, used 5101K [0x00000000d5900000, 0x00000000d8380000, 0x0000000100000000)
  eden space 33280K, 0% used [0x00000000d5900000,0x00000000d5900000,0x00000000d7980000)
  from space 5120K, 99% used [0x00000000d7980000,0x00000000d7e7b538,0x00000000d7e80000)
  to   space 5120K, 0% used [0x00000000d7e80000,0x00000000d7e80000,0x00000000d8380000)
 ParOldGen       total 87552K, used 422K [0x0000000080a00000, 0x0000000085f80000, 0x00000000d5900000)
  object space 87552K, 0% used [0x0000000080a00000,0x0000000080a698c0,0x0000000085f80000)
 Metaspace       used 8648K, capacity 8840K, committed 9088K, reserved 1056768K
  class space    used 990K, capacity 1052K, committed 1152K, reserved 1048576K
}
Event: 1.436 GC heap before
{Heap before GC invocations=2 (full 0):
 PSYoungGen      total 38400K, used 38381K [0x00000000d5900000, 0x00000000d8380000, 0x0000000100000000)
  eden space 33280K, 100% used [0x00000000d5900000,0x00000000d7980000,0x00000000d7980000)
  from space 5120K, 99% used [0x00000000d7980000,0x00000000d7e7b538,0x00000000d7e80000)
  to   space 5120K, 0% used [0x00000000d7e80000,0x00000000d7e80000,0x00000000d8380000)
 ParOldGen       total 87552K, used 422K [0x0000000080a00000, 0x0000000085f80000, 0x00000000d5900000)
  object space 87552K, 0% used [0x0000000080a00000,0x0000000080a698c0,0x0000000085f80000)
 Metaspace       used 12830K, capacity 13032K, committed 13184K, reserved 1060864K
  class space    used 1541K, capacity 1611K, committed 1664K, reserved 1048576K
Event: 1.448 GC heap after
Heap after GC invocations=2 (full 0):
 PSYoungGen      total 38400K, used 5095K [0x00000000d5900000, 0x00000000da400000, 0x0000000100000000)
  eden space 33280K, 0% used [0x00000000d5900000,0x00000000d5900000,0x00000000d7980000)
  from space 5120K, 99% used [0x00000000d7e80000,0x00000000d8379c40,0x00000000d8380000)
  to   space 5120K, 0% used [0x00000000d7980000,0x00000000d7980000,0x00000000d7e80000)
 ParOldGen       total 87552K, used 3018K [0x0000000080a00000, 0x0000000085f80000, 0x00000000d5900000)
  object space 87552K, 3% used [0x0000000080a00000,0x0000000080cf2940,0x0000000085f80000)
 Metaspace       used 12830K, capacity 13032K, committed 13184K, reserved 1060864K
  class space    used 1541K, capacity 1611K, committed 1664K, reserved 1048576K
}

Deoptimization events (13 events):
Event: 0.614 Thread 0x00000000029e8000 Uncommon trap: reason=unstable_if action=reinterpret pc=0x0000000002d0043c method=java.util.HashMap.getNode(ILjava/lang/Object;)Ljava/util/HashMap$Node; @ 129
Event: 0.630 Thread 0x00000000029e8000 Uncommon trap: reason=unstable_if action=reinterpret pc=0x0000000002c65924 method=org.codehaus.plexus.util.xml.pull.MXParser.more()C @ 8
Event: 0.739 Thread 0x00000000029e8000 Uncommon trap: reason=unstable_if action=reinterpret pc=0x0000000002d5f0d0 method=org.codehaus.plexus.util.xml.pull.MXParser.nextImpl()I @ 241
Event: 0.767 Thread 0x00000000029e8000 Uncommon trap: reason=unstable_if action=reinterpret pc=0x0000000002d4aa74 method=org.codehaus.plexus.util.xml.pull.MXParser.isWhitespace()Z @ 20
Event: 0.776 Thread 0x00000000029e8000 Uncommon trap: reason=range_check action=make_not_entrant pc=0x0000000002cfdda0 method=sun.reflect.generics.parser.SignatureParser.current()C @ 34
Event: 1.409 Thread 0x00000000029e8000 Uncommon trap: reason=unstable_if action=reinterpret pc=0x0000000002dffb20 method=java.util.concurrent.ConcurrentHashMap.putVal(Ljava/lang/Object;Ljava/lang/Object;Z)Ljava/lang/Object; @ 206
Event: 1.577 Thread 0x00000000029e8000 Uncommon trap: reason=class_check action=maybe_recompile pc=0x0000000002f73d18 method=com.google.inject.TypeLiteral.<init>(Ljava/lang/reflect/Type;)V @ 11
Event: 1.577 Thread 0x00000000029e8000 Uncommon trap: reason=class_check action=maybe_recompile pc=0x0000000002f73d18 method=com.google.inject.TypeLiteral.<init>(Ljava/lang/reflect/Type;)V @ 11
Event: 1.665 Thread 0x00000000029e8000 Uncommon trap: reason=class_check action=maybe_recompile pc=0x0000000002f73d18 method=com.google.inject.TypeLiteral.<init>(Ljava/lang/reflect/Type;)V @ 11
Event: 1.666 Thread 0x00000000029e8000 Uncommon trap: reason=class_check action=maybe_recompile pc=0x0000000002f73d18 method=com.google.inject.TypeLiteral.<init>(Ljava/lang/reflect/Type;)V @ 11
Event: 1.730 Thread 0x00000000029e8000 Uncommon trap: reason=unstable_if action=reinterpret pc=0x0000000002d9eb80 method=org.codehaus.plexus.util.xml.pull.MXParser.parseStartTag()I @ 443
Event: 1.988 Thread 0x00000000029e8000 Uncommon trap: reason=unstable_if action=reinterpret pc=0x0000000002c71074 method=java.lang.String.replace(CC)Ljava/lang/String; @ 2
Event: 2.183 Thread 0x00000000029e8000 Uncommon trap: reason=predicate action=maybe_recompile pc=0x0000000002ed8944 method=java.lang.String.regionMatches(ZILjava/lang/String;II)Z @ 63

Classes redefined (0 events):
No events

Internal exceptions (41 events):
Event: 0.040 Thread 0x00000000029e8000 Exception <a 'java/lang/NoSuchMethodError': Method sun.misc.Unsafe.defineClass(Ljava/lang/String;[BII)Ljava/lang/Class; name or signature does not match> (0x00000000d5907cb8) thrown at [D:\a\1\s\lookaside\java-1.8.0-openjdk\hotspot\src\share\vm\prims\jni.
Event: 0.040 Thread 0x00000000029e8000 Exception <a 'java/lang/NoSuchMethodError': Method sun.misc.Unsafe.prefetchRead(Ljava/lang/Object;J)V name or signature does not match> (0x00000000d5907fa0) thrown at [D:\a\1\s\lookaside\java-1.8.0-openjdk\hotspot\src\share\vm\prims\jni.cpp, line 4014]
Event: 0.238 Thread 0x00000000029e8000 Exception <a 'java/security/PrivilegedActionException'> (0x00000000d5cce428) thrown at [D:\a\1\s\lookaside\java-1.8.0-openjdk\hotspot\src\share\vm\prims\jvm.cpp, line 1501]
Event: 0.238 Thread 0x00000000029e8000 Exception <a 'java/security/PrivilegedActionException'> (0x00000000d5cce820) thrown at [D:\a\1\s\lookaside\java-1.8.0-openjdk\hotspot\src\share\vm\prims\jvm.cpp, line 1501]
Event: 0.238 Thread 0x00000000029e8000 Exception <a 'java/security/PrivilegedActionException'> (0x00000000d5cd2b40) thrown at [D:\a\1\s\lookaside\java-1.8.0-openjdk\hotspot\src\share\vm\prims\jvm.cpp, line 1501]
Event: 0.238 Thread 0x00000000029e8000 Exception <a 'java/security/PrivilegedActionException'> (0x00000000d5cd2f38) thrown at [D:\a\1\s\lookaside\java-1.8.0-openjdk\hotspot\src\share\vm\prims\jvm.cpp, line 1501]
Event: 0.239 Thread 0x00000000029e8000 Exception <a 'java/security/PrivilegedActionException'> (0x00000000d5cd47e0) thrown at [D:\a\1\s\lookaside\java-1.8.0-openjdk\hotspot\src\share\vm\prims\jvm.cpp, line 1501]
Event: 0.239 Thread 0x00000000029e8000 Exception <a 'java/security/PrivilegedActionException'> (0x00000000d5cd4bd8) thrown at [D:\a\1\s\lookaside\java-1.8.0-openjdk\hotspot\src\share\vm\prims\jvm.cpp, line 1501]
Event: 0.606 Thread 0x00000000029e8000 Exception <a 'java/lang/ArrayIndexOutOfBoundsException'> (0x00000000d6a2c200) thrown at [D:\a\1\s\lookaside\java-1.8.0-openjdk\hotspot\src\share\vm\runtime\sharedRuntime.cpp, line 615]
Event: 0.607 Thread 0x00000000029e8000 Exception <a 'java/lang/ArrayIndexOutOfBoundsException'> (0x00000000d6a36010) thrown at [D:\a\1\s\lookaside\java-1.8.0-openjdk\hotspot\src\share\vm\runtime\sharedRuntime.cpp, line 615]
Event: 0.613 Thread 0x00000000029e8000 Exception <a 'java/lang/ArrayIndexOutOfBoundsException'> (0x00000000d6a8f3d0) thrown at [D:\a\1\s\lookaside\java-1.8.0-openjdk\hotspot\src\share\vm\runtime\sharedRuntime.cpp, line 615]
Event: 0.614 Thread 0x00000000029e8000 Exception <a 'java/lang/ArrayIndexOutOfBoundsException'> (0x00000000d6a9bc40) thrown at [D:\a\1\s\lookaside\java-1.8.0-openjdk\hotspot\src\share\vm\runtime\sharedRuntime.cpp, line 615]
Event: 0.615 Thread 0x00000000029e8000 Exception <a 'java/lang/ArrayIndexOutOfBoundsException'> (0x00000000d6a9cc58) thrown at [D:\a\1\s\lookaside\java-1.8.0-openjdk\hotspot\src\share\vm\runtime\sharedRuntime.cpp, line 615]
Event: 0.615 Thread 0x00000000029e8000 Exception <a 'java/lang/ArrayIndexOutOfBoundsException'> (0x00000000d6aa5a08) thrown at [D:\a\1\s\lookaside\java-1.8.0-openjdk\hotspot\src\share\vm\runtime\sharedRuntime.cpp, line 615]
Event: 0.615 Thread 0x00000000029e8000 Exception <a 'java/lang/ArrayIndexOutOfBoundsException'> (0x00000000d6aa7720) thrown at [D:\a\1\s\lookaside\java-1.8.0-openjdk\hotspot\src\share\vm\runtime\sharedRuntime.cpp, line 615]
Event: 0.615 Thread 0x00000000029e8000 Exception <a 'java/lang/ArrayIndexOutOfBoundsException'> (0x00000000d6aa8ef8) thrown at [D:\a\1\s\lookaside\java-1.8.0-openjdk\hotspot\src\share\vm\runtime\sharedRuntime.cpp, line 615]
Event: 0.615 Thread 0x00000000029e8000 Exception <a 'java/lang/ArrayIndexOutOfBoundsException'> (0x00000000d6aa9cd0) thrown at [D:\a\1\s\lookaside\java-1.8.0-openjdk\hotspot\src\share\vm\runtime\sharedRuntime.cpp, line 615]
Event: 0.616 Thread 0x00000000029e8000 Exception <a 'java/lang/ArrayIndexOutOfBoundsException'> (0x00000000d6aaba18) thrown at [D:\a\1\s\lookaside\java-1.8.0-openjdk\hotspot\src\share\vm\runtime\sharedRuntime.cpp, line 615]
Event: 0.616 Thread 0x00000000029e8000 Exception <a 'java/lang/ArrayIndexOutOfBoundsException'> (0x00000000d6aac858) thrown at [D:\a\1\s\lookaside\java-1.8.0-openjdk\hotspot\src\share\vm\runtime\sharedRuntime.cpp, line 615]
Event: 0.617 Thread 0x00000000029e8000 Exception <a 'java/lang/ArrayIndexOutOfBoundsException'> (0x00000000d6ab4740) thrown at [D:\a\1\s\lookaside\java-1.8.0-openjdk\hotspot\src\share\vm\runtime\sharedRuntime.cpp, line 615]
Event: 0.617 Thread 0x00000000029e8000 Exception <a 'java/lang/ArrayIndexOutOfBoundsException'> (0x00000000d6ab5c98) thrown at [D:\a\1\s\lookaside\java-1.8.0-openjdk\hotspot\src\share\vm\runtime\sharedRuntime.cpp, line 615]
Event: 0.617 Thread 0x00000000029e8000 Exception <a 'java/lang/ArrayIndexOutOfBoundsException'> (0x00000000d6ab7518) thrown at [D:\a\1\s\lookaside\java-1.8.0-openjdk\hotspot\src\share\vm\runtime\sharedRuntime.cpp, line 615]
Event: 0.617 Thread 0x00000000029e8000 Exception <a 'java/lang/ArrayIndexOutOfBoundsException'> (0x00000000d6ab9688) thrown at [D:\a\1\s\lookaside\java-1.8.0-openjdk\hotspot\src\share\vm\runtime\sharedRuntime.cpp, line 615]
Event: 0.617 Thread 0x00000000029e8000 Exception <a 'java/lang/ArrayIndexOutOfBoundsException'> (0x00000000d6aba650) thrown at [D:\a\1\s\lookaside\java-1.8.0-openjdk\hotspot\src\share\vm\runtime\sharedRuntime.cpp, line 615]
Event: 0.617 Thread 0x00000000029e8000 Exception <a 'java/lang/ArrayIndexOutOfBoundsException'> (0x00000000d6abbb60) thrown at [D:\a\1\s\lookaside\java-1.8.0-openjdk\hotspot\src\share\vm\runtime\sharedRuntime.cpp, line 615]
Event: 0.617 Thread 0x00000000029e8000 Exception <a 'java/lang/ArrayIndexOutOfBoundsException'> (0x00000000d6abd2e0) thrown at [D:\a\1\s\lookaside\java-1.8.0-openjdk\hotspot\src\share\vm\runtime\sharedRuntime.cpp, line 615]
Event: 0.617 Thread 0x00000000029e8000 Exception <a 'java/lang/ArrayIndexOutOfBoundsException'> (0x00000000d6abe8e8) thrown at [D:\a\1\s\lookaside\java-1.8.0-openjdk\hotspot\src\share\vm\runtime\sharedRuntime.cpp, line 615]
Event: 0.618 Thread 0x00000000029e8000 Exception <a 'java/lang/ArrayIndexOutOfBoundsException'> (0x00000000d6abff00) thrown at [D:\a\1\s\lookaside\java-1.8.0-openjdk\hotspot\src\share\vm\runtime\sharedRuntime.cpp, line 615]
Event: 0.618 Thread 0x00000000029e8000 Exception <a 'java/lang/ArrayIndexOutOfBoundsException'> (0x00000000d6ac1640) thrown at [D:\a\1\s\lookaside\java-1.8.0-openjdk\hotspot\src\share\vm\runtime\sharedRuntime.cpp, line 615]
Event: 0.618 Thread 0x00000000029e8000 Exception <a 'java/lang/ArrayIndexOutOfBoundsException'> (0x00000000d6ac2388) thrown at [D:\a\1\s\lookaside\java-1.8.0-openjdk\hotspot\src\share\vm\runtime\sharedRuntime.cpp, line 615]
Event: 0.776 Thread 0x00000000029e8000 Exception <a 'java/lang/ArrayIndexOutOfBoundsException': 73> (0x00000000d758e2a0) thrown at [D:\a\1\s\lookaside\java-1.8.0-openjdk\hotspot\src\share\vm\interpreter\interpreterRuntime.cpp, line 371]
Event: 0.776 Thread 0x00000000029e8000 Exception <a 'java/lang/ArrayIndexOutOfBoundsException': 131> (0x00000000d758fc48) thrown at [D:\a\1\s\lookaside\java-1.8.0-openjdk\hotspot\src\share\vm\interpreter\interpreterRuntime.cpp, line 371]
Event: 1.426 Thread 0x00000000029e8000 Exception <a 'java/lang/NoClassDefFoundError': com/google/inject/servlet/ServletModuleTargetVisitor> (0x00000000d78ea270) thrown at [D:\a\1\s\lookaside\java-1.8.0-openjdk\hotspot\src\share\vm\classfile\systemDictionary.cpp, line 199]
Event: 1.426 Thread 0x00000000029e8000 Exception <a 'java/lang/NoClassDefFoundError'> (0x00000000d78ea270) thrown at [D:\a\1\s\lookaside\java-1.8.0-openjdk\hotspot\src\share\vm\prims\jvm.cpp, line 1505]
Event: 1.426 Thread 0x00000000029e8000 Exception <a 'java/lang/NoClassDefFoundError': javax/annotation/Priority> (0x00000000d78eed00) thrown at [D:\a\1\s\lookaside\java-1.8.0-openjdk\hotspot\src\share\vm\classfile\systemDictionary.cpp, line 199]
Event: 1.839 Thread 0x00000000029e8000 Exception <a 'java/lang/NullPointerException'> (0x00000000d6147628) thrown at [D:\a\1\s\lookaside\java-1.8.0-openjdk\hotspot\src\share\vm\interpreter\linkResolver.cpp, line 1185]
Event: 1.839 Thread 0x00000000029e8000 Exception <a 'java/lang/NullPointerException'> (0x00000000d6147840) thrown at [D:\a\1\s\lookaside\java-1.8.0-openjdk\hotspot\src\share\vm\interpreter\linkResolver.cpp, line 1185]
Event: 1.839 Thread 0x00000000029e8000 Exception <a 'java/lang/NullPointerException'> (0x00000000d6147a58) thrown at [D:\a\1\s\lookaside\java-1.8.0-openjdk\hotspot\src\share\vm\interpreter\linkResolver.cpp, line 1185]
Event: 1.841 Thread 0x00000000029e8000 Exception <a 'java/lang/NullPointerException'> (0x00000000d61581e0) thrown at [D:\a\1\s\lookaside\java-1.8.0-openjdk\hotspot\src\share\vm\interpreter\linkResolver.cpp, line 1185]
Event: 1.841 Thread 0x00000000029e8000 Exception <a 'java/lang/NullPointerException'> (0x00000000d61583f8) thrown at [D:\a\1\s\lookaside\java-1.8.0-openjdk\hotspot\src\share\vm\interpreter\linkResolver.cpp, line 1185]
Event: 1.841 Thread 0x00000000029e8000 Exception <a 'java/lang/NullPointerException'> (0x00000000d6158610) thrown at [D:\a\1\s\lookaside\java-1.8.0-openjdk\hotspot\src\share\vm\interpreter\linkResolver.cpp, line 1185]

Events (250 events):
Event: 1.997 loading class org/apache/maven/repository/internal/ArtifactDescriptorUtils done
Event: 1.997 loading class java/util/Collections$SingletonList
Event: 1.998 loading class java/util/Collections$SingletonList done
Event: 1.998 loading class java/util/Collections$1
Event: 1.998 loading class java/util/Collections$1 done
Event: 1.998 loading class java/util/ArrayList$ListItr
Event: 1.998 loading class java/util/ArrayList$ListItr done
Event: 1.998 Executing VM operation: Deoptimize
Event: 1.999 Executing VM operation: Deoptimize done
Event: 2.000 loading class org/apache/maven/project/DefaultProjectBuilder$InterimResult
Event: 2.000 loading class org/apache/maven/project/DefaultProjectBuilder$InterimResult done
Event: 2.002 loading class org/apache/maven/project/ReactorModelPool$CacheKey
Event: 2.002 loading class org/apache/maven/project/ReactorModelPool$CacheKey done
Event: 2.004 loading class org/apache/maven/model/building/ModelBuildingEventCatapult$1
Event: 2.004 loading class org/apache/maven/model/building/ModelBuildingEventCatapult$1 done
Event: 2.005 loading class org/apache/maven/model/building/DefaultModelBuildingEvent
Event: 2.005 loading class org/apache/maven/model/building/DefaultModelBuildingEvent done
Event: 2.007 loading class org/apache/maven/lifecycle/mapping/DefaultLifecycleMapping
Event: 2.007 loading class org/apache/maven/lifecycle/mapping/DefaultLifecycleMapping done
Event: 2.008 loading class org/apache/maven/lifecycle/mapping/DefaultLifecycleMapping
Event: 2.008 loading class org/apache/maven/lifecycle/mapping/DefaultLifecycleMapping done
Event: 2.009 loading class org/apache/maven/lifecycle/mapping/Lifecycle
Event: 2.009 loading class org/apache/maven/lifecycle/mapping/Lifecycle done
Event: 2.012 loading class org/apache/maven/lifecycle/mapping/LifecycleMojo
Event: 2.012 loading class org/apache/maven/lifecycle/mapping/LifecycleMojo done
Event: 2.019 loading class org/apache/maven/lifecycle/internal/DefaultLifecyclePluginAnalyzer$1
Event: 2.019 loading class org/apache/maven/lifecycle/internal/DefaultLifecyclePluginAnalyzer$1 done
Event: 2.022 loading class org/apache/maven/artifact/versioning/DefaultArtifactVersion
Event: 2.022 loading class org/apache/maven/artifact/versioning/DefaultArtifactVersion done
Event: 2.023 loading class org/apache/maven/artifact/versioning/ComparableVersion
Event: 2.023 loading class org/apache/maven/artifact/versioning/ComparableVersion done
Event: 2.023 loading class org/apache/maven/artifact/versioning/ComparableVersion$Item
Event: 2.023 loading class org/apache/maven/artifact/versioning/ComparableVersion$Item done
Event: 2.024 loading class org/apache/maven/artifact/versioning/ComparableVersion$ListItem
Event: 2.024 loading class org/apache/maven/artifact/versioning/ComparableVersion$ListItem done
Event: 2.024 loading class org/apache/maven/artifact/versioning/ComparableVersion$IntegerItem
Event: 2.024 loading class org/apache/maven/artifact/versioning/ComparableVersion$IntegerItem done
Event: 2.025 loading class java/math/BigInteger
Event: 2.041 loading class java/math/BigInteger done
Event: 2.049 loading class org/apache/maven/artifact/versioning/ComparableVersion$StringItem
Event: 2.049 loading class org/apache/maven/artifact/versioning/ComparableVersion$StringItem done
Event: 2.051 loading class java/math/MutableBigInteger
Event: 2.052 loading class java/math/MutableBigInteger done
Event: 2.054 loading class org/apache/maven/artifact/handler/DefaultArtifactHandler
Event: 2.054 loading class org/apache/maven/artifact/handler/DefaultArtifactHandler done
Event: 2.054 loading class org/apache/maven/artifact/handler/DefaultArtifactHandler
Event: 2.054 loading class org/apache/maven/artifact/handler/DefaultArtifactHandler done
Event: 2.055 loading class org/apache/maven/artifact/DefaultArtifact
Event: 2.055 loading class org/apache/maven/artifact/DefaultArtifact done
Event: 2.058 loading class org/apache/maven/artifact/InvalidArtifactRTException
Event: 2.058 loading class org/apache/maven/artifact/InvalidArtifactRTException done
Event: 2.059 loading class org/apache/maven/artifact/versioning/Restriction
Event: 2.059 loading class org/apache/maven/artifact/versioning/Restriction done
Event: 2.061 loading class org/apache/maven/project/DefaultProjectBuildingResult
Event: 2.061 loading class org/apache/maven/project/DefaultProjectBuildingResult done
Event: 2.062 loading class org/apache/maven/artifact/ArtifactUtils
Event: 2.062 loading class org/apache/maven/artifact/ArtifactUtils done
Event: 2.063 loading class org/apache/commons/lang3/StringUtils
Event: 2.063 loading class org/apache/commons/lang3/StringUtils done
Event: 2.066 loading class org/apache/maven/graph/DefaultProjectDependencyGraph
Event: 2.066 loading class org/apache/maven/graph/DefaultProjectDependencyGraph done
Event: 2.067 loading class org/apache/maven/project/ProjectSorter
Event: 2.067 loading class org/apache/maven/project/ProjectSorter done
Event: 2.068 loading class org/codehaus/plexus/util/dag/DAG
Event: 2.068 loading class org/codehaus/plexus/util/dag/DAG done
Event: 2.068 loading class org/codehaus/plexus/util/dag/Vertex
Event: 2.068 loading class org/codehaus/plexus/util/dag/Vertex done
Event: 2.069 loading class org/codehaus/plexus/util/dag/TopologicalSorter
Event: 2.069 loading class org/codehaus/plexus/util/dag/TopologicalSorter done
Event: 2.071 loading class java/util/LinkedList$ListItr
Event: 2.071 loading class java/util/LinkedList$ListItr done
Event: 2.073 loading class org/apache/maven/model/building/Result$4
Event: 2.073 loading class org/apache/maven/model/building/Result$4 done
Event: 2.074 loading class org/eclipse/aether/util/repository/ChainedWorkspaceReader
Event: 2.074 loading class org/eclipse/aether/util/repository/ChainedWorkspaceReader done
Event: 2.091 loading class org/apache/maven/execution/MavenSession
Event: 2.091 loading class org/apache/maven/execution/MavenSession done
Event: 2.091 loading class org/codehaus/plexus/PlexusContainer
Event: 2.091 loading class org/codehaus/plexus/PlexusContainer done
Event: 2.091 loading class org/netbeans/shaded/json/simple/JSONArray
Event: 2.091 loading class org/netbeans/shaded/json/simple/JSONArray done
Event: 2.093 loading class org/codehaus/plexus/classworlds/realm/ClassRealm
Event: 2.093 loading class org/codehaus/plexus/classworlds/realm/ClassRealm done
Event: 2.096 loading class org/apache/maven/lifecycle/internal/LifecycleTask
Event: 2.096 loading class org/apache/maven/lifecycle/internal/LifecycleTask done
Event: 2.097 loading class org/apache/maven/lifecycle/internal/builder/singlethreaded/SingleThreadedBuilder
Event: 2.097 loading class org/apache/maven/lifecycle/internal/builder/singlethreaded/SingleThreadedBuilder done
Event: 2.097 loading class org/apache/maven/lifecycle/internal/builder/singlethreaded/SingleThreadedBuilder
Event: 2.097 loading class org/apache/maven/lifecycle/internal/builder/singlethreaded/SingleThreadedBuilder done
Event: 2.097 loading class org/apache/maven/lifecycle/internal/builder/multithreaded/MultiThreadedBuilder
Event: 2.097 loading class org/apache/maven/lifecycle/internal/builder/multithreaded/MultiThreadedBuilder done
Event: 2.097 loading class org/apache/maven/lifecycle/internal/builder/multithreaded/MultiThreadedBuilder
Event: 2.097 loading class org/apache/maven/lifecycle/internal/builder/multithreaded/MultiThreadedBuilder done
Event: 2.098 loading class org/apache/maven/lifecycle/internal/builder/singlethreaded/SingleThreadedBuilder
Event: 2.098 loading class org/apache/maven/lifecycle/internal/builder/singlethreaded/SingleThreadedBuilder done
Event: 2.099 loading class org/apache/maven/lifecycle/internal/LifecycleModuleBuilder
Event: 2.099 loading class org/apache/maven/lifecycle/internal/LifecycleModuleBuilder done
Event: 2.108 loading class org/apache/maven/lifecycle/internal/DefaultLifecycleExecutionPlanCalculator
Event: 2.108 loading class org/apache/maven/lifecycle/internal/DefaultLifecycleExecutionPlanCalculator done
Event: 2.109 loading class org/apache/maven/lifecycle/internal/DefaultLifecycleExecutionPlanCalculator
Event: 2.109 loading class org/apache/maven/lifecycle/internal/DefaultLifecycleExecutionPlanCalculator done
Event: 2.109 loading class org/apache/maven/lifecycle/internal/DefaultLifecycleExecutionPlanCalculator
Event: 2.110 loading class org/apache/maven/lifecycle/internal/DefaultLifecycleExecutionPlanCalculator done
Event: 2.111 loading class org/apache/maven/lifecycle/LifecycleMappingDelegate
Event: 2.111 loading class org/apache/maven/lifecycle/LifecycleMappingDelegate done
Event: 2.111 loading class org/apache/maven/lifecycle/internal/LifecyclePluginResolver
Event: 2.111 loading class org/apache/maven/lifecycle/internal/LifecyclePluginResolver done
Event: 2.111 loading class org/apache/maven/lifecycle/internal/MojoDescriptorCreator
Event: 2.111 loading class org/apache/maven/lifecycle/internal/MojoDescriptorCreator done
Event: 2.111 loading class org/apache/maven/lifecycle/DefaultLifecycles
Event: 2.111 loading class org/apache/maven/lifecycle/DefaultLifecycles done
Event: 2.111 loading class org/apache/maven/plugin/BuildPluginManager
Event: 2.111 loading class org/apache/maven/plugin/BuildPluginManager done
Event: 2.111 loading class org/apache/maven/plugin/version/PluginVersionResolver
Event: 2.111 loading class org/apache/maven/plugin/version/PluginVersionResolver done
Event: 2.146 loading class org/apache/maven/lifecycle/internal/DefaultLifecycleMappingDelegate
Event: 2.146 loading class org/apache/maven/lifecycle/internal/DefaultLifecycleMappingDelegate done
Event: 2.147 loading class org/apache/maven/lifecycle/internal/DefaultLifecycleMappingDelegate
Event: 2.147 loading class org/apache/maven/lifecycle/internal/DefaultLifecycleMappingDelegate done
Event: 2.148 loading class org/apache/maven/lifecycle/internal/DefaultLifecycleMappingDelegate
Event: 2.148 loading class org/apache/maven/lifecycle/internal/DefaultLifecycleMappingDelegate done
Event: 2.148 loading class org/apache/maven/plugin/BuildPluginManager
Event: 2.148 loading class org/apache/maven/plugin/BuildPluginManager done
Event: 2.149 loading class org/apache/maven/lifecycle/internal/CompoundProjectExecutionListener
Event: 2.149 loading class org/apache/maven/lifecycle/internal/CompoundProjectExecutionListener done
Event: 2.151 loading class org/apache/maven/execution/ProjectExecutionEvent
Event: 2.151 loading class org/apache/maven/execution/ProjectExecutionEvent done
Event: 2.151 loading class org/apache/maven/project/MavenProject
Event: 2.151 loading class org/apache/maven/project/MavenProject done
Event: 2.152 loading class org/apache/maven/lifecycle/internal/GoalTask
Event: 2.152 loading class org/apache/maven/lifecycle/internal/GoalTask done
Event: 2.153 loading class org/apache/maven/plugin/MojoExecution$Source
Event: 2.153 loading class org/apache/maven/plugin/MojoExecution$Source done
Event: 2.153 loading class java/util/TreeMap$Values
Event: 2.153 loading class java/util/TreeMap$Values done
Event: 2.153 loading class java/util/TreeMap$ValueIterator
Event: 2.153 loading class java/util/TreeMap$ValueIterator done
Event: 2.154 loading class org/apache/maven/plugin/DefaultPluginDescriptorCache$CacheKey
Event: 2.154 loading class org/apache/maven/plugin/DefaultPluginDescriptorCache$CacheKey done
Event: 2.155 loading class org/apache/maven/plugin/CacheUtils
Event: 2.155 loading class org/apache/maven/plugin/CacheUtils done
Event: 2.156 loading class org/eclipse/aether/artifact/DefaultArtifact
Event: 2.156 loading class org/eclipse/aether/artifact/DefaultArtifact done
Event: 2.157 loading class org/eclipse/aether/artifact/AbstractArtifact
Event: 2.157 loading class org/eclipse/aether/artifact/AbstractArtifact done
Event: 2.161 loading class org/apache/maven/repository/internal/DefaultVersionResolver$Key
Event: 2.161 loading class org/apache/maven/repository/internal/DefaultVersionResolver$Key done
Event: 2.161 loading class org/eclipse/aether/internal/impl/CacheUtils
Event: 2.161 loading class org/eclipse/aether/internal/impl/CacheUtils done
Event: 2.164 loading class java/util/Collections$SingletonSet
Event: 2.164 loading class java/util/Collections$SingletonSet done
Event: 2.165 loading class org/eclipse/aether/internal/impl/DefaultSyncContextFactory$DefaultSyncContext
Event: 2.165 loading class org/eclipse/aether/internal/impl/DefaultSyncContextFactory$DefaultSyncContext done
Event: 2.165 loading class org/eclipse/aether/RepositoryEvent$Builder
Event: 2.165 loading class org/eclipse/aether/RepositoryEvent$Builder done
Event: 2.166 loading class org/eclipse/aether/RepositoryEvent$EventType
Event: 2.166 loading class org/eclipse/aether/RepositoryEvent$EventType done
Event: 2.167 loading class org/eclipse/aether/internal/impl/DefaultRepositoryEventDispatcher$1
Event: 2.167 loading class org/eclipse/aether/internal/impl/DefaultRepositoryEventDispatcher$1 done
Event: 2.169 loading class org/eclipse/aether/repository/LocalArtifactRequest
Event: 2.169 loading class org/eclipse/aether/repository/LocalArtifactRequest done
Event: 2.174 loading class sun/nio/ch/FileChannelImpl
Event: 2.174 loading class java/nio/channels/FileChannel
Event: 2.174 loading class java/nio/channels/SeekableByteChannel
Event: 2.174 loading class java/nio/channels/ByteChannel
Event: 2.174 loading class java/nio/channels/ReadableByteChannel
Event: 2.174 loading class java/nio/channels/Channel
Event: 2.174 loading class java/nio/channels/Channel done
Event: 2.174 loading class java/nio/channels/ReadableByteChannel done
Event: 2.174 loading class java/nio/channels/WritableByteChannel
Event: 2.175 loading class java/nio/channels/WritableByteChannel done
Event: 2.175 loading class java/nio/channels/ByteChannel done
Event: 2.175 loading class java/nio/channels/SeekableByteChannel done
Event: 2.175 loading class java/nio/channels/GatheringByteChannel
Event: 2.175 loading class java/nio/channels/GatheringByteChannel done
Event: 2.175 loading class java/nio/channels/ScatteringByteChannel
Event: 2.175 loading class java/nio/channels/ScatteringByteChannel done
Event: 2.175 loading class java/nio/channels/spi/AbstractInterruptibleChannel
Event: 2.175 loading class java/nio/channels/InterruptibleChannel
Event: 2.175 loading class java/nio/channels/InterruptibleChannel done
Event: 2.175 loading class java/nio/channels/spi/AbstractInterruptibleChannel done
Event: 2.175 loading class java/nio/channels/FileChannel done
Event: 2.175 loading class sun/nio/ch/FileChannelImpl done
Event: 2.175 loading class java/nio/file/attribute/FileAttribute
Event: 2.175 loading class java/nio/file/attribute/FileAttribute done
Event: 2.175 loading class sun/nio/ch/IOUtil
Event: 2.175 loading class sun/nio/ch/IOUtil done
Event: 2.175 loading class sun/nio/ch/IOUtil$1
Event: 2.175 loading class sun/nio/ch/IOUtil$1 done
Event: 2.180 loading class java/net/InetAddress
Event: 2.180 loading class java/net/InetAddress done
Event: 2.180 loading class java/net/InetAddress$1
Event: 2.180 loading class java/net/InetAddress$1 done
Event: 2.181 loading class java/net/InetAddress$InetAddressHolder
Event: 2.181 loading class java/net/InetAddress$InetAddressHolder done
Event: 2.181 loading class java/net/InetAddress$Cache
Event: 2.181 loading class java/net/InetAddress$Cache done
Event: 2.181 loading class java/net/InetAddress$Cache$Type
Event: 2.181 loading class java/net/InetAddress$Cache$Type done
Event: 2.181 loading class java/net/InetAddressImplFactory
Event: 2.181 loading class java/net/InetAddressImplFactory done
Event: 2.181 loading class java/net/Inet6AddressImpl
Event: 2.181 loading class java/net/InetAddressImpl
Event: 2.181 loading class java/net/InetAddressImpl done
Event: 2.181 loading class java/net/Inet6AddressImpl done
Event: 2.183 Thread 0x00000000029e8000 Uncommon trap: trap_request=0xffffff86 fr.pc=0x0000000002ed8944
Event: 2.183 Thread 0x00000000029e8000 DEOPT PACKING pc=0x0000000002ed8944 sp=0x000000000299c040
Event: 2.183 Thread 0x00000000029e8000 DEOPT UNPACKING pc=0x0000000002ae807b sp=0x000000000299bfd0 mode 2
Event: 2.183 loading class java/net/InetAddress$2
Event: 2.183 loading class sun/net/spi/nameservice/NameService
Event: 2.183 loading class sun/net/spi/nameservice/NameService done
Event: 2.183 loading class java/net/InetAddress$2 done
Event: 2.186 loading class java/net/Inet4Address
Event: 2.187 loading class java/net/Inet4Address done
Event: 2.187 loading class java/net/Inet6Address
Event: 2.188 loading class java/net/Inet6Address done
Event: 2.188 loading class java/net/Inet6Address$Inet6AddressHolder
Event: 2.188 loading class java/net/Inet6Address$Inet6AddressHolder done
Event: 2.188 loading class sun/nio/ch/NativeThreadSet
Event: 2.188 loading class sun/nio/ch/NativeThreadSet done
Event: 2.188 loading class sun/nio/ch/FileDispatcherImpl
Event: 2.188 loading class sun/nio/ch/FileDispatcher
Event: 2.188 loading class sun/nio/ch/NativeDispatcher
Event: 2.188 loading class sun/nio/ch/NativeDispatcher done
Event: 2.188 loading class sun/nio/ch/FileDispatcher done
Event: 2.188 loading class sun/nio/ch/FileDispatcherImpl done
Event: 2.189 loading class sun/nio/ch/FileDispatcherImpl$1
Event: 2.189 loading class sun/nio/ch/FileDispatcherImpl$1 done
Event: 2.189 loading class sun/nio/ch/FileLockImpl
Event: 2.189 loading class java/nio/channels/FileLock
Event: 2.189 loading class java/nio/channels/FileLock done
Event: 2.189 loading class sun/nio/ch/FileLockImpl done
Event: 2.190 loading class sun/nio/ch/NativeThread
Event: 2.190 loading class sun/nio/ch/NativeThread done
Event: 2.190 loading class sun/nio/ch/FileLockTable
Event: 2.190 loading class sun/nio/ch/FileLockTable done
Event: 2.190 loading class sun/nio/ch/SharedFileLockTable
Event: 2.190 loading class sun/nio/ch/SharedFileLockTable done
Event: 2.190 loading class sun/nio/ch/FileKey
Event: 2.190 loading class sun/nio/ch/FileKey done
Event: 2.190 loading class sun/nio/ch/SharedFileLockTable$FileLockReference
Event: 2.190 loading class sun/nio/ch/SharedFileLockTable$FileLockReference done
Event: 2.190 loading class java/nio/channels/spi/AbstractInterruptibleChannel$1
Event: 2.190 loading class sun/nio/ch/Interruptible
Event: 2.190 loading class sun/nio/ch/Interruptible done
Event: 2.190 loading class java/nio/channels/spi/AbstractInterruptibleChannel$1 done
Event: 2.191 loading class org/apache/maven/repository/internal/DefaultModelCache
Event: 2.191 loading class org/apache/maven/repository/internal/DefaultModelCache done
Event: 2.193 loading class org/apache/maven/repository/internal/DefaultModelResolver
Event: 2.193 loading class org/apache/maven/repository/internal/DefaultModelResolver done


Dynamic libraries:
0x00007ff6682c0000 - 0x00007ff668309000 	C:\Program Files\ojdkbuild\java-1.8.0-openjdk-1.8.0.232-1\bin\java.exe
0x00007fffa21a0000 - 0x00007fffa2390000 	C:\Windows\SYSTEM32\ntdll.dll
0x00007fffa06f0000 - 0x00007fffa07a2000 	C:\Windows\System32\KERNEL32.DLL
0x00007fff9f3b0000 - 0x00007fff9f653000 	C:\Windows\System32\KERNELBASE.dll
0x00007fffa1f70000 - 0x00007fffa2013000 	C:\Windows\System32\ADVAPI32.dll
0x00007fffa1ec0000 - 0x00007fffa1f5e000 	C:\Windows\System32\msvcrt.dll
0x00007fffa13b0000 - 0x00007fffa1447000 	C:\Windows\System32\sechost.dll
0x00007fffa11c0000 - 0x00007fffa12e0000 	C:\Windows\System32\RPCRT4.dll
0x00007fffa0a10000 - 0x00007fffa0ba4000 	C:\Windows\System32\USER32.dll
0x00007fff9f180000 - 0x00007fff9f1a1000 	C:\Windows\System32\win32u.dll
0x00007fffa1450000 - 0x00007fffa1476000 	C:\Windows\System32\GDI32.dll
0x00007fff9f890000 - 0x00007fff9fa24000 	C:\Windows\System32\gdi32full.dll
0x00007fff9f790000 - 0x00007fff9f82e000 	C:\Windows\System32\msvcp_win.dll
0x00007fff9f690000 - 0x00007fff9f78a000 	C:\Windows\System32\ucrtbase.dll
0x00007fff90fc0000 - 0x00007fff91245000 	C:\Windows\WinSxS\amd64_microsoft.windows.common-controls_6595b64144ccf1df_6.0.18362.476_none_e6c4b11b130f2595\COMCTL32.dll
0x00007fffa1480000 - 0x00007fffa17b6000 	C:\Windows\System32\combase.dll
0x00007fffa01d0000 - 0x00007fffa0250000 	C:\Windows\System32\bcryptPrimitives.dll
0x00007fffa0830000 - 0x00007fffa085e000 	C:\Windows\System32\IMM32.DLL
0x00000000554b0000 - 0x0000000055582000 	C:\Program Files\ojdkbuild\java-1.8.0-openjdk-1.8.0.232-1\jre\bin\msvcr100.dll
0x0000000055590000 - 0x0000000055e4b000 	C:\Program Files\ojdkbuild\java-1.8.0-openjdk-1.8.0.232-1\jre\bin\server\jvm.dll
0x00007fffa1eb0000 - 0x00007fffa1eb8000 	C:\Windows\System32\PSAPI.DLL
0x00007fff72c10000 - 0x00007fff72c19000 	C:\Windows\SYSTEM32\WSOCK32.dll
0x00007fff9bd30000 - 0x00007fff9bd54000 	C:\Windows\SYSTEM32\WINMM.dll
0x00007fffa0860000 - 0x00007fffa08cf000 	C:\Windows\System32\WS2_32.dll
0x00007fff97460000 - 0x00007fff9746a000 	C:\Windows\SYSTEM32\VERSION.dll
0x00007fff9bd00000 - 0x00007fff9bd2d000 	C:\Windows\SYSTEM32\winmmbase.dll
0x00007fff9f130000 - 0x00007fff9f17a000 	C:\Windows\System32\cfgmgr32.dll
0x00007fff71e30000 - 0x00007fff71e3f000 	C:\Program Files\ojdkbuild\java-1.8.0-openjdk-1.8.0.232-1\jre\bin\verify.dll
0x00007fff65320000 - 0x00007fff65349000 	C:\Program Files\ojdkbuild\java-1.8.0-openjdk-1.8.0.232-1\jre\bin\java.dll
0x00007fff63e00000 - 0x00007fff63e16000 	C:\Program Files\ojdkbuild\java-1.8.0-openjdk-1.8.0.232-1\jre\bin\zip.dll
0x00007fffa17c0000 - 0x00007fffa1ea5000 	C:\Windows\System32\SHELL32.dll
0x00007fffa1110000 - 0x00007fffa11b9000 	C:\Windows\System32\shcore.dll
0x00007fff9fa50000 - 0x00007fffa01ce000 	C:\Windows\System32\windows.storage.dll
0x00007fff9f0d0000 - 0x00007fff9f0ef000 	C:\Windows\System32\profapi.dll
0x00007fff9f080000 - 0x00007fff9f0ca000 	C:\Windows\System32\powrprof.dll
0x00007fff9f070000 - 0x00007fff9f080000 	C:\Windows\System32\UMPDC.dll
0x00007fffa0400000 - 0x00007fffa0452000 	C:\Windows\System32\shlwapi.dll
0x00007fff9f0f0000 - 0x00007fff9f101000 	C:\Windows\System32\kernel.appcore.dll
0x00007fff9fa30000 - 0x00007fff9fa47000 	C:\Windows\System32\cryptsp.dll
0x00007fff63c80000 - 0x00007fff63c9a000 	C:\Program Files\ojdkbuild\java-1.8.0-openjdk-1.8.0.232-1\jre\bin\net.dll
0x00007fff9e8e0000 - 0x00007fff9e947000 	C:\Windows\system32\mswsock.dll
0x00007fff63c60000 - 0x00007fff63c71000 	C:\Program Files\ojdkbuild\java-1.8.0-openjdk-1.8.0.232-1\jre\bin\nio.dll

VM Arguments:
jvm_args: -Dclassworlds.conf=C:\Program Files (x86)\NetBeans-11.2\netbeans\java\maven\bin\m2.conf -Dmaven.home=C:\Program Files (x86)\NetBeans-11.2\netbeans\java\maven -Dmaven.multiModuleProjectDirectory=C:\Users\MB-207\Documents\NetBeansProjects\JavaWeb0829 
java_command: org.codehaus.plexus.classworlds.launcher.Launcher -Dnetbeans.deploy=true -Dnetbeans.deploy.clientUrlPart=/forms/captcha/sso_login_new.jsp -Dmaven.ext.class.path=C:\Program Files (x86)\NetBeans-11.2\netbeans\java\maven-nblib\netbeans-eventspy.jar -Dfile.encoding=UTF-8 package
java_class_path (initial): C:\Program Files (x86)\NetBeans-11.2\netbeans\java\maven\boot\plexus-classworlds-2.5.2.jar
Launcher Type: SUN_STANDARD

Environment Variables:
JAVA_HOME=C:\Program Files\ojdkbuild\java-1.8.0-openjdk-1.8.0.232-1
PATH=C:\Program Files\ojdkbuild\java-1.8.0-openjdk-1.8.0.232-1\bin;C:\Windows\system32;C:\Windows;C:\Windows\System32\Wbem;C:\Windows\System32\WindowsPowerShell\v1.0\;C:\Windows\System32\OpenSSH\;C:\Program Files\MySQL\MySQL Shell 8.0\bin\;C:\Users\MB-207\AppData\Local\Microsoft\WindowsApps;
USERNAME=MB-teacher
OS=Windows_NT
PROCESSOR_IDENTIFIER=Intel64 Family 6 Model 42 Stepping 7, GenuineIntel



---------------  S Y S T E M  ---------------

OS: Windows 10.0 , 64 bit Build 18362 (10.0.18362.329)

CPU:total 4 (initial active 4) (4 cores per cpu, 1 threads per core) family 6 model 42 stepping 7, cmov, cx8, fxsr, mmx, sse, sse2, sse3, ssse3, sse4.1, sse4.2, popcnt, avx, aes, clmul, tsc, tscinvbit

Memory: 4k page, physical 8345568k(865236k free), swap 8345568k(4464k free)

vm_info: OpenJDK 64-Bit Server VM (25.232-b09) for windows-amd64 JRE (1.8.0_232-b09), built on Oct 20 2019 21:49:19 by "VssAdministrator" with MS VC++ 10.0 (VS2010)

time: Sat Oct 17 14:23:26 2020
timezone: x_
elapsed time: 2 seconds (0d 0h 0m 2s)

